<?xml version="1.0" encoding="UTF-8"?>
<testsuite xmlns:xsi="http://www.w3.org/2001/XMLSchema-instance" xsi:noNamespaceSchemaLocation="https://maven.apache.org/surefire/maven-surefire-plugin/xsd/surefire-test-report.xsd" name="org.domainname.PropertyTest" time="0.068" tests="4" errors="0" skipped="0" failures="0">
  <properties>
[...]
</properties>
  <testcase name="testSetAndGetPropertyValues" classname="org.domainname.PropertyTest" time="0.007"/>
  <testcase name="testEmptyConstructorProperty" classname="org.domainname.PropertyTest" time="0"/>
  <testcase name="testMainConstructor" classname="org.domainname.PropertyTest" time="0"/>
  <testcase name="testPropertyValues" classname="org.domainname.PropertyTest" time="0.001"/>
</testsuite>